Matching path: /
Matching path: /
Matching path: /products/show
Matching path: /products/show
Matching path: /products/
Matching path: /
Matching path: /
Matching path: /
Matching path: /products/show
Matching path: /products/
Matching path: /products/
Matching path: /index.php
Matching path: /home/index
Matching path: /home/index
Matching path: /home/index
Matching path: /home/index
Matching path: /home/index
Matching path: /home/index
Matching path: /home/index
Matching path: /home/index
Matching path: /home/index
Matching path: /home/index
Matching path: /home/index
Matching path: /products/show
Matching path: /products/
Matching path: /products/
Matching path: /products/
Matching path: /products/
Matching path: /products/
Matching path: /products/
Matching path: /products/show
Matching path: /products/show
Matching path: /products/
Matching path: /home/
Matching path: /home/index
Matching path: /products/show
Matching path: /products/
Matching path: /admin/home/index/
Matching path: /admin/home/index/
Matching path: /admin/home/index/
Matching path: /home/index
Matching path: /products/show
Matching path: /products/show
Matching path: /products/show
Matching path: /products/show
Matching path: /products/
Matching path: /products/
Matching path: /products/
Matching path: /products/
Matching path: /products/
Matching path: /products/
Matching path: /products/show
Matching path: /products/show
Matching path: /products/show
Matching path: /products/show
Matching path: /products/show
Matching path: /products/show
Matching path: /products/show
Matching path: /products/show
Matching path: /products/show
Matching path: /products/show
Matching path: /products/show
Matching path: /products/show
Matching path: /products/show
